23:09:20.945 JQMIGRATE: Migrate is installed, version 3.0.1 jquery-migrate-3.0.1.min.js:33:19
23:09:21.046 SCRIPT RUN TIME[Pagetual]: 1ms - タイマー終了 Pagetual.user.js:2:246
23:09:21.048 [dAnimeNicoCommentRenderer2] bootstrap start d-anime-nico-comment-renderer.user.js:31:182
23:09:21.048 [DanimeApp] starting renderer d-anime-nico-comment-renderer.user.js:31:182
23:09:21.048 [dAnimeNicoCommentRenderer2] bootstrap completed d-anime-nico-comment-renderer.user.js:31:182
23:09:21.048 SCRIPT RUN TIME[d-anime-nico-comment-renderer]: 1ms - タイマー終了 d-anime-nico-comment-renderer.user.js:2:170
23:09:21.064 [ImageCollector2] bootstrap start image-collector.user.js:54:184
23:09:21.064 [ImageCollectorApp] starting legacy collector image-collector.user.js:54:184
23:09:21.064 [ImageCollector2:Bootstrap] legacy collector bootstrap start image-collector.user.js:54:184
23:09:21.065 [ImageCollector2:UIBuilder] モーダルの構築が完了しました image-collector.user.js:54:184
23:09:21.065 [ImageCollector2] legacy bootstrap completed image-collector.user.js:54:184
23:09:21.065 SCRIPT RUN TIME[image-collector]: 2ms - タイマー終了 image-collector.user.js:2:136
23:09:21.081 [ImageCollector2:ProgressBar] プログレスバーUIを初期化しました image-collector.user.js:54:184
23:09:21.081 [ImageCollector2:Toast] トーストUIを初期化しました image-collector.user.js:54:184
23:09:21.081 [ImageCollector2:UIEventHandler] イベントハンドラーの設定が完了しました image-collector.user.js:54:184
23:09:21.082 [ImageCollector2:MenuRegister] メニューコマンドを登録しました image-collector.user.js:54:184
23:09:21.082 [ImageCollector2:Bootstrap] legacy collector components initialized image-collector.user.js:54:184
23:09:21.291 ユーザー体験に対して好ましくない影響があるため、メインスレッドでの同期 XMLHttpRequest は推奨されません。詳しくは https://xhr.spec.whatwg.org/#sync-warning を参照してください。 jquery-3.5.1.min.js:2:81767
23:09:21.926 XML パースエラー: 構文エラーです。
URL: https://animestore.docomo.ne.jp/animestore/sc_d_pc?partId=28053003
行番号: 1, 列番号: 1: sc_d_pc:1:1
23:09:22.386 <script> のソース “https://stlog.d.dmkt-sp.jp/js/regStlog.js” の読み込みに失敗しました。 sc_d_pc:1:1
23:09:22.406 [dAnime:WatchPageController] watchPageController:autoSetup 
Object { keyword: "青春ブタ野郎はサンタクロースの夢を見ない 第3話 アイドルソング", animeTitle: "青春ブタ野郎はサンタクロースの夢を見ない", episodeNumber: "第3話", episodeTitle: "アイドルソング" }
d-anime-nico-comment-renderer.user.js:31:182
23:09:23.392 Uncaught ReferenceError: stlog is not defined
    sendStoreLog https://animestore.docomo.ne.jp/js/PlayMovie.js?v=20251003175130:2234
PlayMovie.js:2234:4
23:09:23.781 [dAnime:WatchPageController] watchPageController:autoSetup:success 
Object { videoId: "so45192703", title: "青春ブタ野郎はサンタクロースの夢を見ない 第3話「アイドルソング」", commentCount: 3776 }
d-anime-nico-comment-renderer.user.js:31:182
23:09:31.138 [dAnime:VideoEventLogger] global:attach 
Object { src: "blob:https://animestore.docomo.ne.jp/b755fc71-a755-4a19-afb1-e35f5d8e8b2e", duration: 1440.0219167, currentTime: 247.439854, readyState: 4 }
d-anime-nico-comment-renderer.user.js:31:182
23:09:31.138 [dAnime:VideoEventLogger] global:currentTimeWatcher:setup d-anime-nico-comment-renderer.user.js:31:182
23:10:20.877 [dAnime:VideoEventLogger] global:event:seeking 
Object { event: "seeking", currentTime: 0, duration: 1440.0219167, readyState: 1, paused: false, ended: false, src: "blob:https://animestore.docomo.ne.jp/b755fc71-a755-4a19-afb1-e35f5d8e8b2e", networkState: 2, timestamp: 1763907020878, timeDiff: "306.30", … }
d-anime-nico-comment-renderer.user.js:31:182
23:10:20.880 [dAnime:VideoEventLogger] global:seeking 
Object { event: "seeking", currentTime: 0, duration: 1440.0219167, readyState: 1, paused: false, ended: false, src: "blob:https://animestore.docomo.ne.jp/b755fc71-a755-4a19-afb1-e35f5d8e8b2e", networkState: 2, timestamp: 1763907020878, from: 0, … }
d-anime-nico-comment-renderer.user.js:31:182
23:10:20.884 [dAnime:VideoEventLogger] global:event:waiting 
Object { event: "waiting", currentTime: 0, duration: 1440.0219167, readyState: 1, paused: false, ended: false, src: "blob:https://animestore.docomo.ne.jp/b755fc71-a755-4a19-afb1-e35f5d8e8b2e", networkState: 2, timestamp: 1763907020884 }
d-anime-nico-comment-renderer.user.js:31:182
23:10:20.915 [dAnime:VideoEventLogger] global:event:seeked 
Object { event: "seeked", currentTime: 0, duration: 1440.0219167, readyState: 4, paused: false, ended: false, src: "blob:https://animestore.docomo.ne.jp/b755fc71-a755-4a19-afb1-e35f5d8e8b2e", networkState: 2, timestamp: 1763907020916 }
d-anime-nico-comment-renderer.user.js:31:182
23:10:20.916 [dAnime:VideoEventLogger] global:event:canplay 
Object { event: "canplay", currentTime: 0, duration: 1440.0219167, readyState: 4, paused: false, ended: false, src: "blob:https://animestore.docomo.ne.jp/b755fc71-a755-4a19-afb1-e35f5d8e8b2e", networkState: 2, timestamp: 1763907020916 }
d-anime-nico-comment-renderer.user.js:31:182
23:10:20.916 [dAnime:VideoEventLogger] global:event:playing 
Object { event: "playing", currentTime: 0, duration: 1440.0219167, readyState: 4, paused: false, ended: false, src: "blob:https://animestore.docomo.ne.jp/b755fc71-a755-4a19-afb1-e35f5d8e8b2e", networkState: 2, timestamp: 1763907020917 }
d-anime-nico-comment-renderer.user.js:31:182
23:10:20.916 [dAnime:VideoEventLogger] global:event:canplaythrough 
Object { event: "canplaythrough", currentTime: 0, duration: 1440.0219167, readyState: 4, paused: false, ended: false, src: "blob:https://animestore.docomo.ne.jp/b755fc71-a755-4a19-afb1-e35f5d8e8b2e", networkState: 2, timestamp: 1763907020917 }
d-anime-nico-comment-renderer.user.js:31:182
23:10:26.627 [dAnime:VideoEventLogger] global:event:seeking 
Object { event: "seeking", currentTime: 0, duration: 1440.0219167, readyState: 1, paused: false, ended: false, src: "blob:https://animestore.docomo.ne.jp/b755fc71-a755-4a19-afb1-e35f5d8e8b2e", networkState: 2, timestamp: 1763907026628, timeDiff: "5.88", … }
d-anime-nico-comment-renderer.user.js:31:182
23:10:26.628 [dAnime:VideoEventLogger] global:seeking 
Object { event: "seeking", currentTime: 0, duration: 1440.0219167, readyState: 1, paused: false, ended: false, src: "blob:https://animestore.docomo.ne.jp/b755fc71-a755-4a19-afb1-e35f5d8e8b2e", networkState: 2, timestamp: 1763907026628, from: 0, … }
d-anime-nico-comment-renderer.user.js:31:182
23:10:26.630 [dAnime:VideoEventLogger] global:event:waiting 
Object { event: "waiting", currentTime: 0, duration: 1440.0219167, readyState: 1, paused: false, ended: false, src: "blob:https://animestore.docomo.ne.jp/b755fc71-a755-4a19-afb1-e35f5d8e8b2e", networkState: 2, timestamp: 1763907026631 }
d-anime-nico-comment-renderer.user.js:31:182
23:10:26.668 [dAnime:VideoEventLogger] global:event:seeked 
Object { event: "seeked", currentTime: 0, duration: 1440.0219167, readyState: 4, paused: false, ended: false, src: "blob:https://animestore.docomo.ne.jp/b755fc71-a755-4a19-afb1-e35f5d8e8b2e", networkState: 2, timestamp: 1763907026668 }
d-anime-nico-comment-renderer.user.js:31:182
23:10:26.668 [dAnime:VideoEventLogger] global:event:canplay 
Object { event: "canplay", currentTime: 0, duration: 1440.0219167, readyState: 4, paused: false, ended: false, src: "blob:https://animestore.docomo.ne.jp/b755fc71-a755-4a19-afb1-e35f5d8e8b2e", networkState: 2, timestamp: 1763907026669 }
d-anime-nico-comment-renderer.user.js:31:182
23:10:26.668 [dAnime:VideoEventLogger] global:event:playing 
Object { event: "playing", currentTime: 0, duration: 1440.0219167, readyState: 4, paused: false, ended: false, src: "blob:https://animestore.docomo.ne.jp/b755fc71-a755-4a19-afb1-e35f5d8e8b2e", networkState: 2, timestamp: 1763907026669 }
d-anime-nico-comment-renderer.user.js:31:182
23:10:26.668 [dAnime:VideoEventLogger] global:event:canplaythrough 
Object { event: "canplaythrough", currentTime: 0, duration: 1440.0219167, readyState: 4, paused: false, ended: false, src: "blob:https://animestore.docomo.ne.jp/b755fc71-a755-4a19-afb1-e35f5d8e8b2e", networkState: 2, timestamp: 1763907026669 }
d-anime-nico-comment-renderer.user.js:31:182
23:10:27.553 [dAnime:VideoEventLogger] global:event:abort 
Object { event: "abort", currentTime: 0, duration: NaN, readyState: 0, paused: true, ended: false, src: null, networkState: 0, timestamp: 1763907027553, timeDiff: "0.64", … }
d-anime-nico-comment-renderer.user.js:31:182
23:10:27.554 [dAnime:VideoEventLogger] global:event:emptied 
Object { event: "emptied", currentTime: 0, duration: NaN, readyState: 0, paused: true, ended: false, src: null, networkState: 0, timestamp: 1763907027554 }
d-anime-nico-comment-renderer.user.js:31:182
23:10:27.554 [dAnime:VideoEventLogger] global:videoEmptied 
Object { event: "emptied", currentTime: 0, duration: NaN, readyState: 0, paused: true, ended: false, src: null, networkState: 0, timestamp: 1763907027554, message: "動画要素が空になりました（src変更の可能性）" }
d-anime-nico-comment-renderer.user.js:31:182
23:10:27.554 [dAnime:WatchPageController] watchPageController:eventTriggered 
Object { currentTime: 0, duration: NaN, ended: false, paused: true }
d-anime-nico-comment-renderer.user.js:31:182
23:10:28.367 [dAnime:VideoEventLogger] global:event:emptied 
Object { event: "emptied", currentTime: 0, duration: NaN, readyState: 0, paused: true, ended: false, src: "blob:https://animestore.docomo.ne.jp/357690c9-037f-4b0f-a24e-2efd441a8c44", networkState: 2, timestamp: 1763907028367 }
d-anime-nico-comment-renderer.user.js:31:182
23:10:28.367 [dAnime:VideoEventLogger] global:videoEmptied 
Object { event: "emptied", currentTime: 0, duration: NaN, readyState: 0, paused: true, ended: false, src: "blob:https://animestore.docomo.ne.jp/357690c9-037f-4b0f-a24e-2efd441a8c44", networkState: 2, timestamp: 1763907028367, message: "動画要素が空になりました（src変更の可能性）" }
d-anime-nico-comment-renderer.user.js:31:182
23:10:28.367 [dAnime:WatchPageController] watchPageController:eventTriggered 
Object { currentTime: 0, duration: NaN, ended: false, paused: true }
d-anime-nico-comment-renderer.user.js:31:182
23:10:28.368 [dAnime:VideoEventLogger] global:event:loadstart 
Object { event: "loadstart", currentTime: 0, duration: NaN, readyState: 0, paused: true, ended: false, src: "blob:https://animestore.docomo.ne.jp/357690c9-037f-4b0f-a24e-2efd441a8c44", networkState: 2, timestamp: 1763907028368 }
d-anime-nico-comment-renderer.user.js:31:182
23:10:28.668 [dAnime:VideoEventLogger] global:event:loadedmetadata 
Object { event: "loadedmetadata", currentTime: 0, duration: 1440.063625, readyState: 1, paused: true, ended: false, src: "blob:https://animestore.docomo.ne.jp/357690c9-037f-4b0f-a24e-2efd441a8c44", networkState: 2, timestamp: 1763907028668 }
d-anime-nico-comment-renderer.user.js:31:182
23:10:28.668 [dAnime:WatchPageController] watchPageController:eventTriggered 
Object { currentTime: 0, duration: 1440.063625, ended: false, paused: true }
d-anime-nico-comment-renderer.user.js:31:182
23:10:28.989 <script> のソース “https://stlog.d.dmkt-sp.jp/js/regStlog.js” の読み込みに失敗しました。 sc_d_pc:1:1
23:10:29.412 [dAnime:WatchPageController] watchPageController:partIdChanged 
Object { oldPartId: "28053003", newPartId: "28053002", url: "https://animestore.docomo.ne.jp/animestore/sc_d_pc?partId=28053002", timestamp: "2025-11-23T14:10:29.413Z" }
d-anime-nico-comment-renderer.user.js:31:182
23:10:29.413 [dAnime:WatchPageController] watchPageController:onPartIdChanged:start 
Object { currentVideoElement: "present", rendererExists: true, switchHandlerExists: true, isPartIdChanging: true }
d-anime-nico-comment-renderer.user.js:31:182
23:10:29.413 [dAnime:WatchPageController] watchPageController:autoSetup 
Object { keyword: "青春ブタ野郎はサンタクロースの夢を見ない 第2話 空気の味は何の味？", animeTitle: "青春ブタ野郎はサンタクロースの夢を見ない", episodeNumber: "第2話", episodeTitle: "空気の味は何の味？" }
d-anime-nico-comment-renderer.user.js:31:182
23:10:29.596 [dAnime:VideoEventLogger] global:event:loadeddata 
Object { event: "loadeddata", currentTime: 0, duration: 1440.063625, readyState: 4, paused: false, ended: false, src: "blob:https://animestore.docomo.ne.jp/357690c9-037f-4b0f-a24e-2efd441a8c44", networkState: 2, timestamp: 1763907029596 }
d-anime-nico-comment-renderer.user.js:31:182
23:10:29.596 [dAnime:VideoEventLogger] global:event:canplay 
Object { event: "canplay", currentTime: 0, duration: 1440.063625, readyState: 4, paused: false, ended: false, src: "blob:https://animestore.docomo.ne.jp/357690c9-037f-4b0f-a24e-2efd441a8c44", networkState: 2, timestamp: 1763907029597 }
d-anime-nico-comment-renderer.user.js:31:182
23:10:29.599 [dAnime:VideoEventLogger] global:event:play 
Object { event: "play", currentTime: 0, duration: 1440.063625, readyState: 4, paused: false, ended: false, src: "blob:https://animestore.docomo.ne.jp/357690c9-037f-4b0f-a24e-2efd441a8c44", networkState: 2, timestamp: 1763907029600 }
d-anime-nico-comment-renderer.user.js:31:182
23:10:29.599 [dAnime:VideoEventLogger] global:event:playing 
Object { event: "playing", currentTime: 0, duration: 1440.063625, readyState: 4, paused: false, ended: false, src: "blob:https://animestore.docomo.ne.jp/357690c9-037f-4b0f-a24e-2efd441a8c44", networkState: 2, timestamp: 1763907029600 }
d-anime-nico-comment-renderer.user.js:31:182
23:10:29.599 [dAnime:VideoEventLogger] global:event:canplaythrough 
Object { event: "canplaythrough", currentTime: 0, duration: 1440.063625, readyState: 4, paused: false, ended: false, src: "blob:https://animestore.docomo.ne.jp/357690c9-037f-4b0f-a24e-2efd441a8c44", networkState: 2, timestamp: 1763907029600 }
d-anime-nico-comment-renderer.user.js:31:182
23:10:29.676 [dAnime:WatchPageController] watchPageController:switchBlocked 
Object { reason: "partId change in progress" }
d-anime-nico-comment-renderer.user.js:31:182
23:10:29.982 Uncaught ReferenceError: stlog is not defined
    sendStoreLog https://animestore.docomo.ne.jp/js/PlayMovie.js?v=20251003175130:2234
    setTimeout handler*sendStoreLog/< https://animestore.docomo.ne.jp/js/PlayMovie.js?v=20251003175130:2233
    setTimeout handler*sendStoreLog https://animestore.docomo.ne.jp/js/PlayMovie.js?v=20251003175130:2224
    onload https://animestore.docomo.ne.jp/js/cms/player.min.js?v=20250317132134:1
PlayMovie.js:2234:4
23:10:30.597 [dAnime:WatchPageController] watchPageController:autoSetup:success 
Object { videoId: "so45172112", title: "青春ブタ野郎はサンタクロースの夢を見ない 第2話「空気の味は何の味？」", commentCount: 4173 }
d-anime-nico-comment-renderer.user.js:31:182
23:10:30.597 [dAnime:WatchPageController] watchPageController:onPartIdChanged:autoSetup 
Object { success: true }
d-anime-nico-comment-renderer.user.js:31:182
23:10:30.598 [dAnime:WatchPageController] watchPageController:onPartIdChanged:loadedVideoData 
Object { videoId: "so45172112", title: "青春ブタ野郎はサンタクロースの夢を見ない 第2話「空気の味は何の味？」" }
d-anime-nico-comment-renderer.user.js:31:182
23:10:30.598 [dAnime:WatchPageController] watchPageController:onPartIdChanged:videoElement 
Object { videoElementFound: true, currentTime: 0.79707, duration: 1440.063625, src: "blob:https://animestore.docomo.ne.jp/357690c9-037f-4b0f-a24e-2efd441a8c44", readyState: 4 }
d-anime-nico-comment-renderer.user.js:31:182
23:10:30.598 [dAnime:WatchPageController] watchPageController:waitForVideoReady:start 
Object { readyState: 4, duration: 1440.063625, src: "blob:https://animestore.docomo.ne.jp/357690c9-037f-4b0f-a24e-2efd441a8c44" }
d-anime-nico-comment-renderer.user.js:31:182
23:10:30.598 [dAnime:WatchPageController] watchPageController:waitForVideoReady:complete 
Object { readyState: 4, duration: 1440.063625, waited: 0 }
d-anime-nico-comment-renderer.user.js:31:182
23:10:30.598 [dAnime:WatchPageController] watchPageController:onPartIdChanged:beforeSwitch 
Object { rendererCommentCount: 2332, videoCurrentTime: 0.79707, videoReadyState: 4, videoSrc: "blob:https://animestore.docomo.ne.jp/357690c9-037f-4b0f-a24e-2efd441a8c44", videoId: "so45172112" }
d-anime-nico-comment-renderer.user.js:31:182
23:10:30.598 [dAnime:VideoSwitchHandler] videoSwitch:resetVideoSource 
Object { previousSource: null }
d-anime-nico-comment-renderer.user.js:31:182
23:10:30.598 [dAnime:VideoSwitchHandler] videoSwitch:entry 
Object { videoElementProvided: true, currentRendererComments: 2332, lastVideoId: null, nextVideoId: null, lastVideoSource: null }
d-anime-nico-comment-renderer.user.js:31:182
23:10:30.598 [dAnime:VideoSwitchHandler] videoSwitch:videoIdResolution 
Object { videoId: "so45172112", nextVideoId: null, elementId: "so45172112", lastVideoId: null, hasBackupPreloaded: false, backupPreloadedCount: 0 }
d-anime-nico-comment-renderer.user.js:31:182
23:10:30.599 [dAnime:VideoSwitchHandler] videoSwitch:start 
Object { videoId: "so45172112", elementVideoId: "so45172112", preloadedCount: 0, currentTime: 0.79707, duration: 1440.063625, readyState: 4, currentSrc: "blob:https://animestore.docomo.ne.jp/357690c9-037f-4b0f-a24e-2efd441a8c44", lastVideoSource: null }
d-anime-nico-comment-renderer.user.js:31:182
23:10:30.599 [dAnime:VideoEventLogger] VideoSwitchHandler:attach 
Object { src: "blob:https://animestore.docomo.ne.jp/357690c9-037f-4b0f-a24e-2efd441a8c44", duration: 1440.063625, currentTime: 0.79707, readyState: 4 }
d-anime-nico-comment-renderer.user.js:31:182
23:10:30.599 [dAnime:VideoEventLogger] VideoSwitchHandler:currentTimeWatcher:setup d-anime-nico-comment-renderer.user.js:31:182
23:10:30.599 [dAnime:VideoSwitchHandler] videoSwitch:resetRendererState:before 
Object { currentTime: 0.79707, duration: 1440.063625, src: "blob:https://animestore.docomo.ne.jp/357690c9-037f-4b0f-a24e-2efd441a8c44", lastSrc: null, sourceChanged: true, readyState: 4, paused: false, commentsCount: 2332 }
d-anime-nico-comment-renderer.user.js:31:182
23:10:30.599 [dAnime:VideoEventLogger] VideoSwitchHandler:manualSeek 
Object { from: "0.80", to: "0.00", diff: "-0.80", reason: "resetRendererState: video source changed", stackTrace: 'logManualSeek@moz-extension://34c05dc5-d329-44db-aa71-ff90c1a14ff4/userscripts/d-anime-nico-comment-renderer.user.js?id=6658a1cc-b42f-41d6-94a1-59e1581c24fa:1708:10770\nresetRendererState@moz-extension://34c05dc5-d329-44db-aa71-ff90c1a14ff4/userscripts/d-anime-nico-comment-renderer.user.js?id=6658a1cc-b42f-41d6-94a1-59e1581c24fa:1708:16735\nonVideoSwitch@moz-extension://34c05dc5-d329-44db-aa71-ff90c1a14ff4/userscripts/d-anime-nico-comment-renderer.user.js?id=6658a1cc-b42f-41d6-94a1-59e1581c24fa:1708:13729\nasync*onPartIdChanged@moz-extension://34c05dc5-d329-44db-aa71-ff90c1a14ff4/userscripts/d-anime-nico-comment-renderer.user.js?id=6658a1cc-b42f-41d6-94a1-59e1581c24fa:2042:13942\nasync*checkPartIdChange@moz-extension://34c05dc5-d329-44db-aa71-ff90c1a14ff4/userscripts/d-anime-nico-comment-renderer.user.js?id=6658a1cc-b42f-41d6-94a1-59e1581c24fa:2042:12149\nwindow["__f__mic27w84.l7"]/</startPartIdMonitoring/this.partIdMonitorIntervalId<@moz-extension://34c05dc5-d329-44db-aa71-ff90c1a14ff4/userscripts/d-anime-nico-comment-renderer.user.js?id=6658a1cc-b42f-41d6-94a1-59e1581c24fa:2042:11711\nTt@https://animestore.docomo.ne.jp/animestore/sc_d_pc?partId=28053003:10:91\nir/a/t[n]@https://animestore.docomo.ne.jp/animestore/sc_d_pc?partId=28053003:81:84\nTt@https://animestore.docomo.ne.jp/animestore/sc_d_pc?partId=28053003:10:91\nzo/<@https://animestore.docomo.ne.jp/animestore/sc_d_pc?partId=28053003:32:325\ns/message/<@https://animestore.docomo.ne.jp/animestore/sc_d_pc?partId=28053003:27:328\nTt@https://animestore.docomo.ne.jp/animestore/sc_d_pc?partId=28053003:10:91\nt@https://animestore.docomo.ne.jp/animestore/sc_d_pc?partId=28053003:10:457\nmessage@https://animestore.docomo.ne.jp/animestore/sc_d_pc?partId=28053003:27:318\nmessage@https://animestore.docomo.ne.jp/animestore/sc_d_pc?partId=28053003:28:376\n@https://animestore.docomo.ne.jp/animestore/sc_d_pc?partId=28053003:92:77\n_@https://animestore.docomo.ne.jp/animestore/sc_d_pc?partId=28053003:22:407\n' }
d-anime-nico-comment-renderer.user.js:31:182
23:10:30.599 [dAnime:VideoSwitchHandler] videoSwitch:resetRendererState:seeked 
Object { currentTime: 0, timeDiff: -0.79707 }
d-anime-nico-comment-renderer.user.js:31:182
23:10:30.599 [dAnime:VideoSwitchHandler] videoSwitch:resetRendererState:clearingComments 
Object { commentsBeforeClear: 2332, sourceChanged: true }
d-anime-nico-comment-renderer.user.js:31:182
23:10:30.600 [dAnime:VideoSwitchHandler] videoSwitch:resetRendererState:commentsCleared 
Object { commentsAfterClear: 0 }
d-anime-nico-comment-renderer.user.js:31:182
23:10:30.600 [dAnime:VideoSwitchHandler] videoSwitch:rebind:sameElement 
Object { previousSrc: null, newSrc: "blob:https://animestore.docomo.ne.jp/357690c9-037f-4b0f-a24e-2efd441a8c44" }
d-anime-nico-comment-renderer.user.js:31:182
23:10:30.606 [dAnime:VideoEventLogger] global:event:seeking 
Object { event: "seeking", currentTime: 0, duration: 1440.063625, readyState: 1, paused: false, ended: false, src: "blob:https://animestore.docomo.ne.jp/357690c9-037f-4b0f-a24e-2efd441a8c44", networkState: 2, timestamp: 1763907030606, timeDiff: "0.64", … }
d-anime-nico-comment-renderer.user.js:31:182
23:10:30.606 [dAnime:VideoEventLogger] global:seeking 
Object { event: "seeking", currentTime: 0, duration: 1440.063625, readyState: 1, paused: false, ended: false, src: "blob:https://animestore.docomo.ne.jp/357690c9-037f-4b0f-a24e-2efd441a8c44", networkState: 2, timestamp: 1763907030606, from: 0, … }
d-anime-nico-comment-renderer.user.js:31:182
23:10:30.607 [dAnime:VideoEventLogger] VideoSwitchHandler:event:seeking 
Object { event: "seeking", currentTime: 0, duration: 1440.063625, readyState: 1, paused: false, ended: false, src: "blob:https://animestore.docomo.ne.jp/357690c9-037f-4b0f-a24e-2efd441a8c44", networkState: 2, timestamp: 1763907030607, timeDiff: "0.80", … }
d-anime-nico-comment-renderer.user.js:31:182
23:10:30.607 [dAnime:VideoEventLogger] VideoSwitchHandler:seeking 
Object { event: "seeking", currentTime: 0, duration: 1440.063625, readyState: 1, paused: false, ended: false, src: "blob:https://animestore.docomo.ne.jp/357690c9-037f-4b0f-a24e-2efd441a8c44", networkState: 2, timestamp: 1763907030607, from: 0, … }
d-anime-nico-comment-renderer.user.js:31:182
23:10:30.609 [dAnime:VideoEventLogger] global:event:waiting 
Object { event: "waiting", currentTime: 0, duration: 1440.063625, readyState: 1, paused: false, ended: false, src: "blob:https://animestore.docomo.ne.jp/357690c9-037f-4b0f-a24e-2efd441a8c44", networkState: 2, timestamp: 1763907030609 }
d-anime-nico-comment-renderer.user.js:31:182
23:10:30.609 [dAnime:VideoEventLogger] VideoSwitchHandler:event:waiting 
Object { event: "waiting", currentTime: 0, duration: 1440.063625, readyState: 1, paused: false, ended: false, src: "blob:https://animestore.docomo.ne.jp/357690c9-037f-4b0f-a24e-2efd441a8c44", networkState: 2, timestamp: 1763907030610 }
d-anime-nico-comment-renderer.user.js:31:182
23:10:30.655 [dAnime:VideoEventLogger] global:event:seeked 
Object { event: "seeked", currentTime: 0, duration: 1440.063625, readyState: 4, paused: false, ended: false, src: "blob:https://animestore.docomo.ne.jp/357690c9-037f-4b0f-a24e-2efd441a8c44", networkState: 2, timestamp: 1763907030656 }
d-anime-nico-comment-renderer.user.js:31:182
23:10:30.656 [dAnime:VideoEventLogger] VideoSwitchHandler:event:seeked 
Object { event: "seeked", currentTime: 0, duration: 1440.063625, readyState: 4, paused: false, ended: false, src: "blob:https://animestore.docomo.ne.jp/357690c9-037f-4b0f-a24e-2efd441a8c44", networkState: 2, timestamp: 1763907030657 }
d-anime-nico-comment-renderer.user.js:31:182
23:10:30.656 [dAnime:VideoEventLogger] global:event:canplay 
Object { event: "canplay", currentTime: 0, duration: 1440.063625, readyState: 4, paused: false, ended: false, src: "blob:https://animestore.docomo.ne.jp/357690c9-037f-4b0f-a24e-2efd441a8c44", networkState: 2, timestamp: 1763907030657 }
d-anime-nico-comment-renderer.user.js:31:182
23:10:30.656 [dAnime:VideoEventLogger] VideoSwitchHandler:event:canplay 
Object { event: "canplay", currentTime: 0, duration: 1440.063625, readyState: 4, paused: false, ended: false, src: "blob:https://animestore.docomo.ne.jp/357690c9-037f-4b0f-a24e-2efd441a8c44", networkState: 2, timestamp: 1763907030657 }
d-anime-nico-comment-renderer.user.js:31:182
23:10:30.658 [dAnime:VideoEventLogger] global:event:playing 
Object { event: "playing", currentTime: 0, duration: 1440.063625, readyState: 4, paused: false, ended: false, src: "blob:https://animestore.docomo.ne.jp/357690c9-037f-4b0f-a24e-2efd441a8c44", networkState: 2, timestamp: 1763907030659 }
d-anime-nico-comment-renderer.user.js:31:182
23:10:30.659 [dAnime:VideoEventLogger] VideoSwitchHandler:event:playing 
Object { event: "playing", currentTime: 0, duration: 1440.063625, readyState: 4, paused: false, ended: false, src: "blob:https://animestore.docomo.ne.jp/357690c9-037f-4b0f-a24e-2efd441a8c44", networkState: 2, timestamp: 1763907030659 }
d-anime-nico-comment-renderer.user.js:31:182
23:10:30.659 [dAnime:VideoEventLogger] global:event:canplaythrough 
Object { event: "canplaythrough", currentTime: 0, duration: 1440.063625, readyState: 4, paused: false, ended: false, src: "blob:https://animestore.docomo.ne.jp/357690c9-037f-4b0f-a24e-2efd441a8c44", networkState: 2, timestamp: 1763907030659 }
d-anime-nico-comment-renderer.user.js:31:182
23:10:30.659 [dAnime:VideoEventLogger] VideoSwitchHandler:event:canplaythrough 
Object { event: "canplaythrough", currentTime: 0, duration: 1440.063625, readyState: 4, paused: false, ended: false, src: "blob:https://animestore.docomo.ne.jp/357690c9-037f-4b0f-a24e-2efd441a8c44", networkState: 2, timestamp: 1763907030659 }
d-anime-nico-comment-renderer.user.js:31:182
23:10:31.232 [dAnime:VideoSwitchHandler] videoSwitch:apiFetched 
Object { videoId: "so45172112" }
d-anime-nico-comment-renderer.user.js:31:182
23:10:31.234 [dAnime:VideoSwitchHandler] videoSwitch:populateComments:start 
Object { videoId: "so45172112", backupPreloadedCount: 0, hasBackupPreloaded: false }
d-anime-nico-comment-renderer.user.js:31:182
23:10:31.234 [dAnime:VideoSwitchHandler] videoSwitch:populateComments:fetching 
Object { videoId: "so45172112" }
d-anime-nico-comment-renderer.user.js:31:182
23:10:33.558 [dAnime:VideoSwitchHandler] videoSwitch:commentsFetched 
Object { videoId: "so45172112", count: 2471 }
d-anime-nico-comment-renderer.user.js:31:182
23:10:33.561 [dAnime:VideoSwitchHandler] videoSwitch:populateComments:addingToRenderer 
Object { filteredCount: 2447, totalCount: 2471, rendererCommentsBeforeAdd: 0 }
d-anime-nico-comment-renderer.user.js:31:182
23:10:38.616 [dAnime:VideoSwitchHandler] videoSwitch:populateComments:complete 
Object { addedCount: 2447, rendererCommentsAfterAdd: 2440 }
d-anime-nico-comment-renderer.user.js:31:182
23:10:38.616 [dAnime:VideoSwitchHandler] videoSwitch:commentsLoaded 
Object { videoId: "so45172112", count: 2447 }
d-anime-nico-comment-renderer.user.js:31:182
23:10:38.617 [dAnime:VideoSwitchHandler] videoSwitch:complete 
Object { videoId: "so45172112", finalTime: 2.871262, loadedCount: 2447, finalCommentsCount: 2440 }
d-anime-nico-comment-renderer.user.js:31:182
23:10:38.618 [dAnime:WatchPageController] watchPageController:onPartIdChanged:afterSwitch 
Object { rendererCommentCount: 2440, videoCurrentTime: 2.871262 }
d-anime-nico-comment-renderer.user.js:31:182
23:10:38.618 [dAnime:WatchPageController] watchPageController:onPartIdChanged:complete d-anime-nico-comment-renderer.user.js:31:182
23:10:38.618 [dAnime:WatchPageController] watchPageController:onPartIdChanged:flagReset 
Object { isPartIdChanging: false }
d-anime-nico-comment-renderer.user.js:31:182
23:10:56.155 [dAnime:VideoEventLogger] global:event:abort 
Object { event: "abort", currentTime: 0, duration: NaN, readyState: 0, paused: true, ended: false, src: null, networkState: 0, timestamp: 1763907056155, timeDiff: "27.70", … }
d-anime-nico-comment-renderer.user.js:31:182
23:10:56.157 [dAnime:VideoEventLogger] VideoSwitchHandler:event:abort 
Object { event: "abort", currentTime: 0, duration: NaN, readyState: 0, paused: true, ended: false, src: null, networkState: 0, timestamp: 1763907056157, timeDiff: "27.70", … }
d-anime-nico-comment-renderer.user.js:31:182
23:10:56.162 [dAnime:VideoEventLogger] global:event:emptied 
Object { event: "emptied", currentTime: 0, duration: NaN, readyState: 0, paused: true, ended: false, src: null, networkState: 0, timestamp: 1763907056162 }
d-anime-nico-comment-renderer.user.js:31:182
23:10:56.162 [dAnime:VideoEventLogger] global:videoEmptied 
Object { event: "emptied", currentTime: 0, duration: NaN, readyState: 0, paused: true, ended: false, src: null, networkState: 0, timestamp: 1763907056162, message: "動画要素が空になりました（src変更の可能性）" }
d-anime-nico-comment-renderer.user.js:31:182
23:10:56.162 [dAnime:WatchPageController] watchPageController:eventTriggered 
Object { currentTime: 0, duration: NaN, ended: false, paused: true }
d-anime-nico-comment-renderer.user.js:31:182
23:10:56.163 [dAnime:VideoEventLogger] VideoSwitchHandler:event:emptied 
Object { event: "emptied", currentTime: 0, duration: NaN, readyState: 0, paused: true, ended: false, src: null, networkState: 0, timestamp: 1763907056163 }
d-anime-nico-comment-renderer.user.js:31:182
23:10:56.163 [dAnime:VideoEventLogger] VideoSwitchHandler:videoEmptied 
Object { event: "emptied", currentTime: 0, duration: NaN, readyState: 0, paused: true, ended: false, src: null, networkState: 0, timestamp: 1763907056163, message: "動画要素が空になりました（src変更の可能性）" }
d-anime-nico-comment-renderer.user.js:31:182
23:10:56.726 [dAnime:WatchPageController] watchPageController:partIdChanged 
Object { oldPartId: "28053002", newPartId: "28053003", url: "https://animestore.docomo.ne.jp/animestore/sc_d_pc?partId=28053003", timestamp: "2025-11-23T14:10:56.727Z" }
d-anime-nico-comment-renderer.user.js:31:182
23:10:56.726 [dAnime:WatchPageController] watchPageController:onPartIdChanged:start 
Object { currentVideoElement: "present", rendererExists: true, switchHandlerExists: true, isPartIdChanging: true }
d-anime-nico-comment-renderer.user.js:31:182
23:10:56.727 [dAnime:WatchPageController] watchPageController:autoSetup 
Object { keyword: "青春ブタ野郎はサンタクロースの夢を見ない 第3話 アイドルソング", animeTitle: "青春ブタ野郎はサンタクロースの夢を見ない", episodeNumber: "第3話", episodeTitle: "アイドルソング" }
d-anime-nico-comment-renderer.user.js:31:182
23:10:57.021 [dAnime:VideoEventLogger] global:event:emptied 
Object { event: "emptied", currentTime: 0, duration: NaN, readyState: 0, paused: true, ended: false, src: "blob:https://animestore.docomo.ne.jp/6bd10026-d9f7-4c11-a13a-67ed4484c34c", networkState: 2, timestamp: 1763907057022 }
d-anime-nico-comment-renderer.user.js:31:182
23:10:57.022 [dAnime:VideoEventLogger] global:videoEmptied 
Object { event: "emptied", currentTime: 0, duration: NaN, readyState: 0, paused: true, ended: false, src: "blob:https://animestore.docomo.ne.jp/6bd10026-d9f7-4c11-a13a-67ed4484c34c", networkState: 2, timestamp: 1763907057022, message: "動画要素が空になりました（src変更の可能性）" }
d-anime-nico-comment-renderer.user.js:31:182
23:10:57.022 [dAnime:WatchPageController] watchPageController:eventTriggered 
Object { currentTime: 0, duration: NaN, ended: false, paused: true }
d-anime-nico-comment-renderer.user.js:31:182
23:10:57.022 [dAnime:VideoEventLogger] VideoSwitchHandler:event:emptied 
Object { event: "emptied", currentTime: 0, duration: NaN, readyState: 0, paused: true, ended: false, src: "blob:https://animestore.docomo.ne.jp/6bd10026-d9f7-4c11-a13a-67ed4484c34c", networkState: 2, timestamp: 1763907057023 }
d-anime-nico-comment-renderer.user.js:31:182
23:10:57.022 [dAnime:VideoEventLogger] VideoSwitchHandler:videoEmptied 
Object { event: "emptied", currentTime: 0, duration: NaN, readyState: 0, paused: true, ended: false, src: "blob:https://animestore.docomo.ne.jp/6bd10026-d9f7-4c11-a13a-67ed4484c34c", networkState: 2, timestamp: 1763907057023, message: "動画要素が空になりました（src変更の可能性）" }
d-anime-nico-comment-renderer.user.js:31:182
23:10:57.022 [dAnime:VideoEventLogger] global:event:loadstart 
Object { event: "loadstart", currentTime: 0, duration: NaN, readyState: 0, paused: true, ended: false, src: "blob:https://animestore.docomo.ne.jp/6bd10026-d9f7-4c11-a13a-67ed4484c34c", networkState: 2, timestamp: 1763907057023 }
d-anime-nico-comment-renderer.user.js:31:182
23:10:57.023 [dAnime:VideoEventLogger] VideoSwitchHandler:event:loadstart 
Object { event: "loadstart", currentTime: 0, duration: NaN, readyState: 0, paused: true, ended: false, src: "blob:https://animestore.docomo.ne.jp/6bd10026-d9f7-4c11-a13a-67ed4484c34c", networkState: 2, timestamp: 1763907057023 }
d-anime-nico-comment-renderer.user.js:31:182
23:10:57.367 [dAnime:VideoEventLogger] global:event:loadedmetadata 
Object { event: "loadedmetadata", currentTime: 0, duration: 1440.0219167, readyState: 1, paused: true, ended: false, src: "blob:https://animestore.docomo.ne.jp/6bd10026-d9f7-4c11-a13a-67ed4484c34c", networkState: 2, timestamp: 1763907057368 }
d-anime-nico-comment-renderer.user.js:31:182
23:10:57.368 [dAnime:WatchPageController] watchPageController:eventTriggered 
Object { currentTime: 0, duration: 1440.0219167, ended: false, paused: true }
d-anime-nico-comment-renderer.user.js:31:182
23:10:57.368 [dAnime:VideoEventLogger] VideoSwitchHandler:event:loadedmetadata 
Object { event: "loadedmetadata", currentTime: 0, duration: 1440.0219167, readyState: 1, paused: true, ended: false, src: "blob:https://animestore.docomo.ne.jp/6bd10026-d9f7-4c11-a13a-67ed4484c34c", networkState: 2, timestamp: 1763907057369 }
d-anime-nico-comment-renderer.user.js:31:182
23:10:57.624 <script> のソース “https://stlog.d.dmkt-sp.jp/js/regStlog.js” の読み込みに失敗しました。 sc_d_pc:1:1
23:10:57.835 [dAnime:WatchPageController] watchPageController:autoSetup:success 
Object { videoId: "so45192703", title: "青春ブタ野郎はサンタクロースの夢を見ない 第3話「アイドルソング」", commentCount: 3776 }
d-anime-nico-comment-renderer.user.js:31:182
23:10:57.836 [dAnime:WatchPageController] watchPageController:onPartIdChanged:autoSetup 
Object { success: true }
d-anime-nico-comment-renderer.user.js:31:182
23:10:57.836 [dAnime:WatchPageController] watchPageController:onPartIdChanged:loadedVideoData 
Object { videoId: "so45192703", title: "青春ブタ野郎はサンタクロースの夢を見ない 第3話「アイドルソング」" }
d-anime-nico-comment-renderer.user.js:31:182
23:10:57.836 [dAnime:WatchPageController] watchPageController:onPartIdChanged:videoElement 
Object { videoElementFound: true, currentTime: 0, duration: 1440.0219167, src: "blob:https://animestore.docomo.ne.jp/6bd10026-d9f7-4c11-a13a-67ed4484c34c", readyState: 1 }
d-anime-nico-comment-renderer.user.js:31:182
23:10:57.836 [dAnime:WatchPageController] watchPageController:waitForVideoReady:start 
Object { readyState: 1, duration: 1440.0219167, src: "blob:https://animestore.docomo.ne.jp/6bd10026-d9f7-4c11-a13a-67ed4484c34c" }
d-anime-nico-comment-renderer.user.js:31:182
23:10:58.239 [dAnime:VideoEventLogger] global:event:loadeddata 
Object { event: "loadeddata", currentTime: 0, duration: 1440.0219167, readyState: 4, paused: false, ended: false, src: "blob:https://animestore.docomo.ne.jp/6bd10026-d9f7-4c11-a13a-67ed4484c34c", networkState: 2, timestamp: 1763907058240 }
d-anime-nico-comment-renderer.user.js:31:182
23:10:58.240 [dAnime:VideoEventLogger] VideoSwitchHandler:event:loadeddata 
Object { event: "loadeddata", currentTime: 0, duration: 1440.0219167, readyState: 4, paused: false, ended: false, src: "blob:https://animestore.docomo.ne.jp/6bd10026-d9f7-4c11-a13a-67ed4484c34c", networkState: 2, timestamp: 1763907058240 }
d-anime-nico-comment-renderer.user.js:31:182
23:10:58.240 [dAnime:VideoEventLogger] global:event:canplay 
Object { event: "canplay", currentTime: 0, duration: 1440.0219167, readyState: 4, paused: false, ended: false, src: "blob:https://animestore.docomo.ne.jp/6bd10026-d9f7-4c11-a13a-67ed4484c34c", networkState: 2, timestamp: 1763907058241 }
d-anime-nico-comment-renderer.user.js:31:182
23:10:58.240 [dAnime:VideoEventLogger] VideoSwitchHandler:event:canplay 
Object { event: "canplay", currentTime: 0, duration: 1440.0219167, readyState: 4, paused: false, ended: false, src: "blob:https://animestore.docomo.ne.jp/6bd10026-d9f7-4c11-a13a-67ed4484c34c", networkState: 2, timestamp: 1763907058241 }
d-anime-nico-comment-renderer.user.js:31:182
23:10:58.252 [dAnime:VideoEventLogger] global:event:play 
Object { event: "play", currentTime: 0, duration: 1440.0219167, readyState: 4, paused: false, ended: false, src: "blob:https://animestore.docomo.ne.jp/6bd10026-d9f7-4c11-a13a-67ed4484c34c", networkState: 2, timestamp: 1763907058253 }
d-anime-nico-comment-renderer.user.js:31:182
23:10:58.252 [dAnime:VideoEventLogger] VideoSwitchHandler:event:play 
Object { event: "play", currentTime: 0, duration: 1440.0219167, readyState: 4, paused: false, ended: false, src: "blob:https://animestore.docomo.ne.jp/6bd10026-d9f7-4c11-a13a-67ed4484c34c", networkState: 2, timestamp: 1763907058253 }
d-anime-nico-comment-renderer.user.js:31:182
23:10:58.253 [dAnime:VideoEventLogger] global:event:playing 
Object { event: "playing", currentTime: 0, duration: 1440.0219167, readyState: 4, paused: false, ended: false, src: "blob:https://animestore.docomo.ne.jp/6bd10026-d9f7-4c11-a13a-67ed4484c34c", networkState: 2, timestamp: 1763907058254 }
d-anime-nico-comment-renderer.user.js:31:182
23:10:58.254 [dAnime:VideoEventLogger] VideoSwitchHandler:event:playing 
Object { event: "playing", currentTime: 0, duration: 1440.0219167, readyState: 4, paused: false, ended: false, src: "blob:https://animestore.docomo.ne.jp/6bd10026-d9f7-4c11-a13a-67ed4484c34c", networkState: 2, timestamp: 1763907058254 }
d-anime-nico-comment-renderer.user.js:31:182
23:10:58.254 [dAnime:VideoEventLogger] global:event:canplaythrough 
Object { event: "canplaythrough", currentTime: 0, duration: 1440.0219167, readyState: 4, paused: false, ended: false, src: "blob:https://animestore.docomo.ne.jp/6bd10026-d9f7-4c11-a13a-67ed4484c34c", networkState: 2, timestamp: 1763907058254 }
d-anime-nico-comment-renderer.user.js:31:182
23:10:58.254 [dAnime:VideoEventLogger] VideoSwitchHandler:event:canplaythrough 
Object { event: "canplaythrough", currentTime: 0, duration: 1440.0219167, readyState: 4, paused: false, ended: false, src: "blob:https://animestore.docomo.ne.jp/6bd10026-d9f7-4c11-a13a-67ed4484c34c", networkState: 2, timestamp: 1763907058254 }
d-anime-nico-comment-renderer.user.js:31:182
23:10:58.263 [dAnime:WatchPageController] watchPageController:waitForVideoReady:complete 
Object { readyState: 4, duration: 1440.0219167, waited: 428 }
d-anime-nico-comment-renderer.user.js:31:182
23:10:58.264 [dAnime:WatchPageController] watchPageController:onPartIdChanged:beforeSwitch 
Object { rendererCommentCount: 2440, videoCurrentTime: 0, videoReadyState: 4, videoSrc: "blob:https://animestore.docomo.ne.jp/6bd10026-d9f7-4c11-a13a-67ed4484c34c", videoId: "so45192703" }
d-anime-nico-comment-renderer.user.js:31:182
23:10:58.264 [dAnime:VideoSwitchHandler] videoSwitch:resetVideoSource 
Object { previousSource: "blob:https://animestore.docomo.ne.jp/357690c9-037f-4b0f-a24e-2efd441a8c44" }
d-anime-nico-comment-renderer.user.js:31:182
23:10:58.264 [dAnime:VideoSwitchHandler] videoSwitch:entry 
Object { videoElementProvided: true, currentRendererComments: 2440, lastVideoId: "so45172112", nextVideoId: null, lastVideoSource: null }
d-anime-nico-comment-renderer.user.js:31:182
23:10:58.264 [dAnime:VideoSwitchHandler] videoSwitch:videoIdResolution 
Object { videoId: "so45192703", nextVideoId: null, elementId: "so45192703", lastVideoId: "so45172112", hasBackupPreloaded: true, backupPreloadedCount: 2447 }
d-anime-nico-comment-renderer.user.js:31:182
23:10:58.265 [dAnime:VideoSwitchHandler] videoSwitch:start 
Object { videoId: "so45192703", elementVideoId: "so45192703", preloadedCount: 2447, currentTime: 0, duration: 1440.0219167, readyState: 4, currentSrc: "blob:https://animestore.docomo.ne.jp/6bd10026-d9f7-4c11-a13a-67ed4484c34c", lastVideoSource: null }
d-anime-nico-comment-renderer.user.js:31:182
23:10:58.265 [dAnime:VideoEventLogger] VideoSwitchHandler:detach 
Object { src: "blob:https://animestore.docomo.ne.jp/6bd10026-d9f7-4c11-a13a-67ed4484c34c", finalTime: 0 }
d-anime-nico-comment-renderer.user.js:31:182
23:10:58.265 [dAnime:VideoEventLogger] VideoSwitchHandler:attach 
Object { src: "blob:https://animestore.docomo.ne.jp/6bd10026-d9f7-4c11-a13a-67ed4484c34c", duration: 1440.0219167, currentTime: 0, readyState: 4 }
d-anime-nico-comment-renderer.user.js:31:182
23:10:58.265 [dAnime:VideoEventLogger] VideoSwitchHandler:currentTimeWatcher:setup d-anime-nico-comment-renderer.user.js:31:182
23:10:58.265 [dAnime:VideoSwitchHandler] videoSwitch:resetRendererState:before 
Object { currentTime: 0, duration: 1440.0219167, src: "blob:https://animestore.docomo.ne.jp/6bd10026-d9f7-4c11-a13a-67ed4484c34c", lastSrc: null, sourceChanged: true, readyState: 4, paused: false, commentsCount: 2440 }
d-anime-nico-comment-renderer.user.js:31:182
23:10:58.265 [dAnime:VideoEventLogger] VideoSwitchHandler:manualSeek 
Object { from: "0.00", to: "0.00", diff: "0.00", reason: "resetRendererState: video source changed", stackTrace: 'logManualSeek@moz-extension://34c05dc5-d329-44db-aa71-ff90c1a14ff4/userscripts/d-anime-nico-comment-renderer.user.js?id=6658a1cc-b42f-41d6-94a1-59e1581c24fa:1708:10770\nresetRendererState@moz-extension://34c05dc5-d329-44db-aa71-ff90c1a14ff4/userscripts/d-anime-nico-comment-renderer.user.js?id=6658a1cc-b42f-41d6-94a1-59e1581c24fa:1708:16735\nonVideoSwitch@moz-extension://34c05dc5-d329-44db-aa71-ff90c1a14ff4/userscripts/d-anime-nico-comment-renderer.user.js?id=6658a1cc-b42f-41d6-94a1-59e1581c24fa:1708:13729\nasync*onPartIdChanged@moz-extension://34c05dc5-d329-44db-aa71-ff90c1a14ff4/userscripts/d-anime-nico-comment-renderer.user.js?id=6658a1cc-b42f-41d6-94a1-59e1581c24fa:2042:13942\nasync*checkPartIdChange@moz-extension://34c05dc5-d329-44db-aa71-ff90c1a14ff4/userscripts/d-anime-nico-comment-renderer.user.js?id=6658a1cc-b42f-41d6-94a1-59e1581c24fa:2042:12149\nwindow["__f__mic27w84.l7"]/</startPartIdMonitoring/this.partIdMonitorIntervalId<@moz-extension://34c05dc5-d329-44db-aa71-ff90c1a14ff4/userscripts/d-anime-nico-comment-renderer.user.js?id=6658a1cc-b42f-41d6-94a1-59e1581c24fa:2042:11711\nTt@https://animestore.docomo.ne.jp/animestore/sc_d_pc?partId=28053003:10:91\nir/a/t[n]@https://animestore.docomo.ne.jp/animestore/sc_d_pc?partId=28053003:81:84\nTt@https://animestore.docomo.ne.jp/animestore/sc_d_pc?partId=28053003:10:91\nzo/<@https://animestore.docomo.ne.jp/animestore/sc_d_pc?partId=28053003:32:325\ns/message/<@https://animestore.docomo.ne.jp/animestore/sc_d_pc?partId=28053003:27:328\nTt@https://animestore.docomo.ne.jp/animestore/sc_d_pc?partId=28053003:10:91\nt@https://animestore.docomo.ne.jp/animestore/sc_d_pc?partId=28053003:10:457\nmessage@https://animestore.docomo.ne.jp/animestore/sc_d_pc?partId=28053003:27:318\nmessage@https://animestore.docomo.ne.jp/animestore/sc_d_pc?partId=28053003:28:376\n@https://animestore.docomo.ne.jp/animestore/sc_d_pc?partId=28053003:92:77\n_@https://animestore.docomo.ne.jp/animestore/sc_d_pc?partId=28053003:22:407\n' }
d-anime-nico-comment-renderer.user.js:31:182
23:10:58.265 [dAnime:VideoSwitchHandler] videoSwitch:resetRendererState:seeked 
Object { currentTime: 0, timeDiff: 0 }
d-anime-nico-comment-renderer.user.js:31:182
23:10:58.266 [dAnime:VideoSwitchHandler] videoSwitch:resetRendererState:clearingComments 
Object { commentsBeforeClear: 2440, sourceChanged: true }
d-anime-nico-comment-renderer.user.js:31:182
23:10:58.266 [dAnime:VideoSwitchHandler] videoSwitch:resetRendererState:commentsCleared 
Object { commentsAfterClear: 0 }
d-anime-nico-comment-renderer.user.js:31:182
23:10:58.267 [dAnime:VideoSwitchHandler] videoSwitch:rebind:sameElement 
Object { previousSrc: null, newSrc: "blob:https://animestore.docomo.ne.jp/6bd10026-d9f7-4c11-a13a-67ed4484c34c" }
d-anime-nico-comment-renderer.user.js:31:182
23:10:58.272 [dAnime:VideoEventLogger] global:event:seeking 
Object { event: "seeking", currentTime: 0, duration: 1440.0219167, readyState: 1, paused: false, ended: false, src: "blob:https://animestore.docomo.ne.jp/6bd10026-d9f7-4c11-a13a-67ed4484c34c", networkState: 2, timestamp: 1763907058272 }
d-anime-nico-comment-renderer.user.js:31:182
23:10:58.272 [dAnime:VideoEventLogger] global:seeking 
Object { event: "seeking", currentTime: 0, duration: 1440.0219167, readyState: 1, paused: false, ended: false, src: "blob:https://animestore.docomo.ne.jp/6bd10026-d9f7-4c11-a13a-67ed4484c34c", networkState: 2, timestamp: 1763907058272, from: 0, … }
d-anime-nico-comment-renderer.user.js:31:182
23:10:58.273 [dAnime:VideoEventLogger] VideoSwitchHandler:event:seeking 
Object { event: "seeking", currentTime: 0, duration: 1440.0219167, readyState: 1, paused: false, ended: false, src: "blob:https://animestore.docomo.ne.jp/6bd10026-d9f7-4c11-a13a-67ed4484c34c", networkState: 2, timestamp: 1763907058274 }
d-anime-nico-comment-renderer.user.js:31:182
23:10:58.273 [dAnime:VideoEventLogger] VideoSwitchHandler:seeking 
Object { event: "seeking", currentTime: 0, duration: 1440.0219167, readyState: 1, paused: false, ended: false, src: "blob:https://animestore.docomo.ne.jp/6bd10026-d9f7-4c11-a13a-67ed4484c34c", networkState: 2, timestamp: 1763907058274, from: 0, … }
d-anime-nico-comment-renderer.user.js:31:182
23:10:58.276 [dAnime:VideoEventLogger] global:event:waiting 
Object { event: "waiting", currentTime: 0, duration: 1440.0219167, readyState: 1, paused: false, ended: false, src: "blob:https://animestore.docomo.ne.jp/6bd10026-d9f7-4c11-a13a-67ed4484c34c", networkState: 2, timestamp: 1763907058276 }
d-anime-nico-comment-renderer.user.js:31:182
23:10:58.276 [dAnime:VideoEventLogger] VideoSwitchHandler:event:waiting 
Object { event: "waiting", currentTime: 0, duration: 1440.0219167, readyState: 1, paused: false, ended: false, src: "blob:https://animestore.docomo.ne.jp/6bd10026-d9f7-4c11-a13a-67ed4484c34c", networkState: 2, timestamp: 1763907058277 }
d-anime-nico-comment-renderer.user.js:31:182
23:10:58.306 [dAnime:VideoEventLogger] global:event:seeked 
Object { event: "seeked", currentTime: 0, duration: 1440.0219167, readyState: 4, paused: false, ended: false, src: "blob:https://animestore.docomo.ne.jp/6bd10026-d9f7-4c11-a13a-67ed4484c34c", networkState: 2, timestamp: 1763907058306 }
d-anime-nico-comment-renderer.user.js:31:182
23:10:58.306 [dAnime:VideoEventLogger] VideoSwitchHandler:event:seeked 
Object { event: "seeked", currentTime: 0, duration: 1440.0219167, readyState: 4, paused: false, ended: false, src: "blob:https://animestore.docomo.ne.jp/6bd10026-d9f7-4c11-a13a-67ed4484c34c", networkState: 2, timestamp: 1763907058307 }
d-anime-nico-comment-renderer.user.js:31:182
23:10:58.310 [dAnime:VideoEventLogger] global:event:canplay 
Object { event: "canplay", currentTime: 0, duration: 1440.0219167, readyState: 4, paused: false, ended: false, src: "blob:https://animestore.docomo.ne.jp/6bd10026-d9f7-4c11-a13a-67ed4484c34c", networkState: 2, timestamp: 1763907058310 }
d-anime-nico-comment-renderer.user.js:31:182
23:10:58.310 [dAnime:VideoEventLogger] VideoSwitchHandler:event:canplay 
Object { event: "canplay", currentTime: 0, duration: 1440.0219167, readyState: 4, paused: false, ended: false, src: "blob:https://animestore.docomo.ne.jp/6bd10026-d9f7-4c11-a13a-67ed4484c34c", networkState: 2, timestamp: 1763907058311 }
d-anime-nico-comment-renderer.user.js:31:182
23:10:58.311 [dAnime:VideoEventLogger] global:event:playing 
Object { event: "playing", currentTime: 0, duration: 1440.0219167, readyState: 4, paused: false, ended: false, src: "blob:https://animestore.docomo.ne.jp/6bd10026-d9f7-4c11-a13a-67ed4484c34c", networkState: 2, timestamp: 1763907058311 }
d-anime-nico-comment-renderer.user.js:31:182
23:10:58.311 [dAnime:VideoEventLogger] VideoSwitchHandler:event:playing 
Object { event: "playing", currentTime: 0, duration: 1440.0219167, readyState: 4, paused: false, ended: false, src: "blob:https://animestore.docomo.ne.jp/6bd10026-d9f7-4c11-a13a-67ed4484c34c", networkState: 2, timestamp: 1763907058311 }
d-anime-nico-comment-renderer.user.js:31:182
23:10:58.311 [dAnime:VideoEventLogger] global:event:canplaythrough 
Object { event: "canplaythrough", currentTime: 0, duration: 1440.0219167, readyState: 4, paused: false, ended: false, src: "blob:https://animestore.docomo.ne.jp/6bd10026-d9f7-4c11-a13a-67ed4484c34c", networkState: 2, timestamp: 1763907058312 }
d-anime-nico-comment-renderer.user.js:31:182
23:10:58.311 [dAnime:VideoEventLogger] VideoSwitchHandler:event:canplaythrough 
Object { event: "canplaythrough", currentTime: 0, duration: 1440.0219167, readyState: 4, paused: false, ended: false, src: "blob:https://animestore.docomo.ne.jp/6bd10026-d9f7-4c11-a13a-67ed4484c34c", networkState: 2, timestamp: 1763907058312 }
d-anime-nico-comment-renderer.user.js:31:182
23:10:58.372 [dAnime:WatchPageController] watchPageController:switchBlocked 
Object { reason: "partId change in progress" }
d-anime-nico-comment-renderer.user.js:31:182
23:10:58.634 Uncaught ReferenceError: stlog is not defined
    sendStoreLog https://animestore.docomo.ne.jp/js/PlayMovie.js?v=20251003175130:2234
    setTimeout handler*sendStoreLog/< https://animestore.docomo.ne.jp/js/PlayMovie.js?v=20251003175130:2233
    setTimeout handler*sendStoreLog https://animestore.docomo.ne.jp/js/PlayMovie.js?v=20251003175130:2224
    onload https://animestore.docomo.ne.jp/js/cms/player.min.js?v=20250317132134:1
PlayMovie.js:2234:4
23:10:58.926 [dAnime:VideoSwitchHandler] videoSwitch:apiFetched 
Object { videoId: "so45192703" }
d-anime-nico-comment-renderer.user.js:31:182
23:10:58.927 [dAnime:VideoSwitchHandler] videoSwitch:populateComments:start 
Object { videoId: "so45192703", backupPreloadedCount: 2447, hasBackupPreloaded: true }
d-anime-nico-comment-renderer.user.js:31:182
23:10:58.927 [dAnime:VideoSwitchHandler] videoSwitch:populateComments:usingBackup 
Object { count: 2447 }
d-anime-nico-comment-renderer.user.js:31:182
23:10:58.929 [dAnime:VideoSwitchHandler] videoSwitch:populateComments:addingToRenderer 
Object { filteredCount: 2447, totalCount: 2447, rendererCommentsBeforeAdd: 0 }
d-anime-nico-comment-renderer.user.js:31:182
23:11:04.085 [dAnime:VideoSwitchHandler] videoSwitch:populateComments:complete 
Object { addedCount: 2447, rendererCommentsAfterAdd: 2440 }
d-anime-nico-comment-renderer.user.js:31:182
23:11:04.085 [dAnime:VideoSwitchHandler] videoSwitch:commentsLoaded 
Object { videoId: "so45192703", count: 2447 }
d-anime-nico-comment-renderer.user.js:31:182
23:11:04.086 [dAnime:VideoSwitchHandler] videoSwitch:complete 
Object { videoId: "so45192703", finalTime: 0.332377, loadedCount: 2447, finalCommentsCount: 2440 }
d-anime-nico-comment-renderer.user.js:31:182
23:11:04.087 [dAnime:WatchPageController] watchPageController:onPartIdChanged:afterSwitch 
Object { rendererCommentCount: 2440, videoCurrentTime: 0.332377 }
d-anime-nico-comment-renderer.user.js:31:182
23:11:04.087 [dAnime:WatchPageController] watchPageController:onPartIdChanged:complete d-anime-nico-comment-renderer.user.js:31:182
23:11:04.087 [dAnime:WatchPageController] watchPageController:onPartIdChanged:flagReset 
Object { isPartIdChanging: false }
d-anime-nico-comment-renderer.user.js:31:182
23:11:45.623 [dAnime:VideoEventLogger] global:event:pause 
Object { event: "pause", currentTime: 52.155423, duration: 1440.0219167, readyState: 4, paused: true, ended: false, src: "blob:https://animestore.docomo.ne.jp/6bd10026-d9f7-4c11-a13a-67ed4484c34c", networkState: 2, timestamp: 1763907105623 }
d-anime-nico-comment-renderer.user.js:31:182
23:11:45.625 [dAnime:VideoEventLogger] VideoSwitchHandler:event:pause 
Object { event: "pause", currentTime: 52.155423, duration: 1440.0219167, readyState: 4, paused: true, ended: false, src: "blob:https://animestore.docomo.ne.jp/6bd10026-d9f7-4c11-a13a-67ed4484c34c", networkState: 2, timestamp: 1763907105625 }
d-anime-nico-comment-renderer.user.js:31:182
