22:47:12.221 JQMIGRATE: Migrate is installed, version 3.0.1 jquery-migrate-3.0.1.min.js:33:19
22:47:12.315 SCRIPT RUN TIME[Pagetual]: 1ms - タイマー終了 Pagetual.user.js:2:246
22:47:12.316 [dAnimeNicoCommentRenderer2] bootstrap start d-anime-nico-comment-renderer.user.js:31:182
22:47:12.316 [DanimeApp] starting renderer d-anime-nico-comment-renderer.user.js:31:182
22:47:12.316 [dAnimeNicoCommentRenderer2] bootstrap completed d-anime-nico-comment-renderer.user.js:31:182
22:47:12.316 SCRIPT RUN TIME[d-anime-nico-comment-renderer]: 1ms - タイマー終了 d-anime-nico-comment-renderer.user.js:2:170
22:47:12.319 [ImageCollector2] bootstrap start image-collector.user.js:54:184
22:47:12.319 [ImageCollectorApp] starting legacy collector image-collector.user.js:54:184
22:47:12.319 [ImageCollector2:Bootstrap] legacy collector bootstrap start image-collector.user.js:54:184
22:47:12.320 [ImageCollector2:UIBuilder] モーダルの構築が完了しました image-collector.user.js:54:184
22:47:12.320 [ImageCollector2] legacy bootstrap completed image-collector.user.js:54:184
22:47:12.320 SCRIPT RUN TIME[image-collector]: 1ms - タイマー終了 image-collector.user.js:2:136
22:47:12.347 [ImageCollector2:ProgressBar] プログレスバーUIを初期化しました image-collector.user.js:54:184
22:47:12.348 [ImageCollector2:Toast] トーストUIを初期化しました image-collector.user.js:54:184
22:47:12.348 [ImageCollector2:UIEventHandler] イベントハンドラーの設定が完了しました image-collector.user.js:54:184
22:47:12.348 [ImageCollector2:MenuRegister] メニューコマンドを登録しました image-collector.user.js:54:184
22:47:12.348 [ImageCollector2:Bootstrap] legacy collector components initialized image-collector.user.js:54:184
22:47:12.566 ユーザー体験に対して好ましくない影響があるため、メインスレッドでの同期 XMLHttpRequest は推奨されません。詳しくは https://xhr.spec.whatwg.org/#sync-warning を参照してください。 jquery-3.5.1.min.js:2:81767
22:47:13.279 XML パースエラー: 構文エラーです。
URL: https://animestore.docomo.ne.jp/animestore/sc_d_pc?partId=28053003
行番号: 1, 列番号: 1: sc_d_pc:1:1
22:47:13.658 <script> のソース “https://stlog.d.dmkt-sp.jp/js/regStlog.js” の読み込みに失敗しました。 sc_d_pc:1:1
22:47:13.747 [dAnime:WatchPageController] watchPageController:autoSetup 
Object { keyword: "青春ブタ野郎はサンタクロースの夢を見ない 第3話 アイドルソング", animeTitle: "青春ブタ野郎はサンタクロースの夢を見ない", episodeNumber: "第3話", episodeTitle: "アイドルソング" }
d-anime-nico-comment-renderer.user.js:31:182
22:47:14.658 Uncaught ReferenceError: stlog is not defined
    sendStoreLog https://animestore.docomo.ne.jp/js/PlayMovie.js?v=20251003175130:2234
PlayMovie.js:2234:4
22:47:15.258 [dAnime:WatchPageController] watchPageController:autoSetup:success 
Object { videoId: "so45192703", title: "青春ブタ野郎はサンタクロースの夢を見ない 第3話「アイドルソング」", commentCount: 3776 }
d-anime-nico-comment-renderer.user.js:31:182
22:47:24.164 [dAnime:VideoEventLogger] global:attach 
Object { src: "blob:https://animestore.docomo.ne.jp/2da58b7a-abe6-45b0-8a6f-ce4c373eeea5", duration: 1440.0219167, currentTime: 70.553687, readyState: 4 }
d-anime-nico-comment-renderer.user.js:31:182
22:47:24.165 [dAnime:VideoEventLogger] global:currentTimeWatcher:setup d-anime-nico-comment-renderer.user.js:31:182
22:47:31.302 [dAnime:VideoEventLogger] global:event:pause 
Object { event: "pause", currentTime: 82.815086, duration: 1440.0219167, readyState: 4, paused: true, ended: false, src: "blob:https://animestore.docomo.ne.jp/2da58b7a-abe6-45b0-8a6f-ce4c373eeea5", networkState: 2, timestamp: 1763905651302 }
d-anime-nico-comment-renderer.user.js:31:182
22:47:33.122 [dAnime:VideoEventLogger] global:event:play 
Object { event: "play", currentTime: 82.815086, duration: 1440.0219167, readyState: 4, paused: false, ended: false, src: "blob:https://animestore.docomo.ne.jp/2da58b7a-abe6-45b0-8a6f-ce4c373eeea5", networkState: 2, timestamp: 1763905653122 }
d-anime-nico-comment-renderer.user.js:31:182
22:47:33.246 [dAnime:VideoEventLogger] global:event:playing 
Object { event: "playing", currentTime: 82.815086, duration: 1440.0219167, readyState: 4, paused: false, ended: false, src: "blob:https://animestore.docomo.ne.jp/2da58b7a-abe6-45b0-8a6f-ce4c373eeea5", networkState: 2, timestamp: 1763905653246 }
d-anime-nico-comment-renderer.user.js:31:182
22:47:38.936 [dAnime:VideoEventLogger] global:event:seeking 
Object { event: "seeking", currentTime: 0, duration: 1440.0219167, readyState: 1, paused: false, ended: false, src: "blob:https://animestore.docomo.ne.jp/2da58b7a-abe6-45b0-8a6f-ce4c373eeea5", networkState: 2, timestamp: 1763905658937, timeDiff: "88.63", … }
d-anime-nico-comment-renderer.user.js:31:182
22:47:38.937 [dAnime:VideoEventLogger] global:seeking 
Object { event: "seeking", currentTime: 0, duration: 1440.0219167, readyState: 1, paused: false, ended: false, src: "blob:https://animestore.docomo.ne.jp/2da58b7a-abe6-45b0-8a6f-ce4c373eeea5", networkState: 2, timestamp: 1763905658937, from: 0, … }
d-anime-nico-comment-renderer.user.js:31:182
22:47:38.940 [dAnime:VideoEventLogger] global:event:waiting 
Object { event: "waiting", currentTime: 0, duration: 1440.0219167, readyState: 1, paused: false, ended: false, src: "blob:https://animestore.docomo.ne.jp/2da58b7a-abe6-45b0-8a6f-ce4c373eeea5", networkState: 2, timestamp: 1763905658940 }
d-anime-nico-comment-renderer.user.js:31:182
22:47:38.971 [dAnime:VideoEventLogger] global:event:seeked 
Object { event: "seeked", currentTime: 0, duration: 1440.0219167, readyState: 4, paused: false, ended: false, src: "blob:https://animestore.docomo.ne.jp/2da58b7a-abe6-45b0-8a6f-ce4c373eeea5", networkState: 2, timestamp: 1763905658972 }
d-anime-nico-comment-renderer.user.js:31:182
22:47:38.975 [dAnime:VideoEventLogger] global:event:canplay 
Object { event: "canplay", currentTime: 0, duration: 1440.0219167, readyState: 4, paused: false, ended: false, src: "blob:https://animestore.docomo.ne.jp/2da58b7a-abe6-45b0-8a6f-ce4c373eeea5", networkState: 2, timestamp: 1763905658976 }
d-anime-nico-comment-renderer.user.js:31:182
22:47:38.976 [dAnime:VideoEventLogger] global:event:playing 
Object { event: "playing", currentTime: 0, duration: 1440.0219167, readyState: 4, paused: false, ended: false, src: "blob:https://animestore.docomo.ne.jp/2da58b7a-abe6-45b0-8a6f-ce4c373eeea5", networkState: 2, timestamp: 1763905658977 }
d-anime-nico-comment-renderer.user.js:31:182
22:47:38.976 [dAnime:VideoEventLogger] global:event:canplaythrough 
Object { event: "canplaythrough", currentTime: 0, duration: 1440.0219167, readyState: 4, paused: false, ended: false, src: "blob:https://animestore.docomo.ne.jp/2da58b7a-abe6-45b0-8a6f-ce4c373eeea5", networkState: 2, timestamp: 1763905658977 }
d-anime-nico-comment-renderer.user.js:31:182
22:47:41.485 [dAnime:VideoEventLogger] global:event:abort 
Object { event: "abort", currentTime: 0, duration: NaN, readyState: 0, paused: true, ended: false, src: null, networkState: 0, timestamp: 1763905661485, timeDiff: "2.18", … }
d-anime-nico-comment-renderer.user.js:31:182
22:47:41.486 [dAnime:VideoEventLogger] global:event:emptied 
Object { event: "emptied", currentTime: 0, duration: NaN, readyState: 0, paused: true, ended: false, src: null, networkState: 0, timestamp: 1763905661487 }
d-anime-nico-comment-renderer.user.js:31:182
22:47:41.487 [dAnime:VideoEventLogger] global:videoEmptied 
Object { event: "emptied", currentTime: 0, duration: NaN, readyState: 0, paused: true, ended: false, src: null, networkState: 0, timestamp: 1763905661487, message: "動画要素が空になりました（src変更の可能性）" }
d-anime-nico-comment-renderer.user.js:31:182
22:47:41.487 [dAnime:WatchPageController] watchPageController:eventTriggered 
Object { currentTime: 0, duration: NaN, ended: false, paused: true }
d-anime-nico-comment-renderer.user.js:31:182
22:47:42.224 [dAnime:WatchPageController] watchPageController:partIdChanged 
Object { oldPartId: "28053003", newPartId: "28053002", url: "https://animestore.docomo.ne.jp/animestore/sc_d_pc?partId=28053002", timestamp: "2025-11-23T13:47:42.225Z" }
d-anime-nico-comment-renderer.user.js:31:182
22:47:42.225 [dAnime:WatchPageController] watchPageController:onPartIdChanged:start 
Object { currentVideoElement: "present", rendererExists: true, switchHandlerExists: true }
d-anime-nico-comment-renderer.user.js:31:182
22:47:42.225 [dAnime:WatchPageController] watchPageController:autoSetup 
Object { keyword: "青春ブタ野郎はサンタクロースの夢を見ない 第2話 空気の味は何の味？", animeTitle: "青春ブタ野郎はサンタクロースの夢を見ない", episodeNumber: "第2話", episodeTitle: "空気の味は何の味？" }
d-anime-nico-comment-renderer.user.js:31:182
22:47:42.276 [dAnime:VideoEventLogger] global:event:emptied 
Object { event: "emptied", currentTime: 0, duration: NaN, readyState: 0, paused: true, ended: false, src: "blob:https://animestore.docomo.ne.jp/712ee05b-da72-4703-93d2-158efb0bac4a", networkState: 2, timestamp: 1763905662277 }
d-anime-nico-comment-renderer.user.js:31:182
22:47:42.276 [dAnime:VideoEventLogger] global:videoEmptied 
Object { event: "emptied", currentTime: 0, duration: NaN, readyState: 0, paused: true, ended: false, src: "blob:https://animestore.docomo.ne.jp/712ee05b-da72-4703-93d2-158efb0bac4a", networkState: 2, timestamp: 1763905662277, message: "動画要素が空になりました（src変更の可能性）" }
d-anime-nico-comment-renderer.user.js:31:182
22:47:42.277 [dAnime:WatchPageController] watchPageController:eventTriggered 
Object { currentTime: 0, duration: NaN, ended: false, paused: true }
d-anime-nico-comment-renderer.user.js:31:182
22:47:42.286 [dAnime:VideoEventLogger] global:event:loadstart 
Object { event: "loadstart", currentTime: 0, duration: NaN, readyState: 0, paused: true, ended: false, src: "blob:https://animestore.docomo.ne.jp/712ee05b-da72-4703-93d2-158efb0bac4a", networkState: 2, timestamp: 1763905662286 }
d-anime-nico-comment-renderer.user.js:31:182
22:47:42.780 [dAnime:VideoEventLogger] global:event:loadedmetadata 
Object { event: "loadedmetadata", currentTime: 0, duration: 1440.063625, readyState: 1, paused: true, ended: false, src: "blob:https://animestore.docomo.ne.jp/712ee05b-da72-4703-93d2-158efb0bac4a", networkState: 2, timestamp: 1763905662780 }
d-anime-nico-comment-renderer.user.js:31:182
22:47:42.780 [dAnime:WatchPageController] watchPageController:eventTriggered 
Object { currentTime: 0, duration: 1440.063625, ended: false, paused: true }
d-anime-nico-comment-renderer.user.js:31:182
22:47:42.913 <script> のソース “https://stlog.d.dmkt-sp.jp/js/regStlog.js” の読み込みに失敗しました。 sc_d_pc:1:1
22:47:43.480 [dAnime:WatchPageController] watchPageController:autoSetup:success 
Object { videoId: "so45172112", title: "青春ブタ野郎はサンタクロースの夢を見ない 第2話「空気の味は何の味？」", commentCount: 4173 }
d-anime-nico-comment-renderer.user.js:31:182
22:47:43.480 [dAnime:WatchPageController] watchPageController:onPartIdChanged:autoSetup 
Object { success: true }
d-anime-nico-comment-renderer.user.js:31:182
22:47:43.481 [dAnime:WatchPageController] watchPageController:onPartIdChanged:videoElement 
Object { videoElementFound: true, currentTime: 0, duration: 1440.063625, src: "blob:https://animestore.docomo.ne.jp/712ee05b-da72-4703-93d2-158efb0bac4a", readyState: 1 }
d-anime-nico-comment-renderer.user.js:31:182
22:47:43.481 [dAnime:WatchPageController] watchPageController:onPartIdChanged:beforeSwitch 
Object { rendererCommentCount: 2332, videoCurrentTime: 0 }
d-anime-nico-comment-renderer.user.js:31:182
22:47:43.481 [dAnime:VideoSwitchHandler] videoSwitch:entry 
Object { videoElementProvided: true, currentRendererComments: 2332, lastVideoId: null, nextVideoId: null, lastVideoSource: null }
d-anime-nico-comment-renderer.user.js:31:182
22:47:43.482 [dAnime:WatchPageController] watchPageController:onPartIdChanged:afterSwitch 
Object { rendererCommentCount: 0, videoCurrentTime: 0 }
d-anime-nico-comment-renderer.user.js:31:182
22:47:43.482 [dAnime:WatchPageController] watchPageController:onPartIdChanged:complete d-anime-nico-comment-renderer.user.js:31:182
22:47:43.684 [dAnime:VideoEventLogger] global:event:loadeddata 
Object { event: "loadeddata", currentTime: 0, duration: 1440.063625, readyState: 4, paused: false, ended: false, src: "blob:https://animestore.docomo.ne.jp/712ee05b-da72-4703-93d2-158efb0bac4a", networkState: 2, timestamp: 1763905663684 }
d-anime-nico-comment-renderer.user.js:31:182
22:47:43.686 [dAnime:VideoEventLogger] global:event:canplay 
Object { event: "canplay", currentTime: 0, duration: 1440.063625, readyState: 4, paused: false, ended: false, src: "blob:https://animestore.docomo.ne.jp/712ee05b-da72-4703-93d2-158efb0bac4a", networkState: 2, timestamp: 1763905663687 }
d-anime-nico-comment-renderer.user.js:31:182
22:47:43.696 [dAnime:VideoEventLogger] global:event:play 
Object { event: "play", currentTime: 0, duration: 1440.063625, readyState: 4, paused: false, ended: false, src: "blob:https://animestore.docomo.ne.jp/712ee05b-da72-4703-93d2-158efb0bac4a", networkState: 2, timestamp: 1763905663696 }
d-anime-nico-comment-renderer.user.js:31:182
22:47:43.697 [dAnime:VideoEventLogger] global:event:playing 
Object { event: "playing", currentTime: 0, duration: 1440.063625, readyState: 4, paused: false, ended: false, src: "blob:https://animestore.docomo.ne.jp/712ee05b-da72-4703-93d2-158efb0bac4a", networkState: 2, timestamp: 1763905663697 }
d-anime-nico-comment-renderer.user.js:31:182
22:47:43.697 [dAnime:VideoEventLogger] global:event:canplaythrough 
Object { event: "canplaythrough", currentTime: 0, duration: 1440.063625, readyState: 4, paused: false, ended: false, src: "blob:https://animestore.docomo.ne.jp/712ee05b-da72-4703-93d2-158efb0bac4a", networkState: 2, timestamp: 1763905663697 }
d-anime-nico-comment-renderer.user.js:31:182
22:47:43.790 [dAnime:WatchPageController] watchPageController:switchHandlerTriggered 
Object { currentTime: 0, duration: 1440.063625 }
d-anime-nico-comment-renderer.user.js:31:182
22:47:43.791 [dAnime:VideoSwitchHandler] videoSwitch:entry 
Object { videoElementProvided: true, currentRendererComments: 0, lastVideoId: null, nextVideoId: null, lastVideoSource: null }
d-anime-nico-comment-renderer.user.js:31:182
22:47:43.913 Uncaught ReferenceError: stlog is not defined
    sendStoreLog https://animestore.docomo.ne.jp/js/PlayMovie.js?v=20251003175130:2234
    setTimeout handler*sendStoreLog/< https://animestore.docomo.ne.jp/js/PlayMovie.js?v=20251003175130:2233
    setTimeout handler*sendStoreLog https://animestore.docomo.ne.jp/js/PlayMovie.js?v=20251003175130:2224
    onload https://animestore.docomo.ne.jp/js/cms/player.min.js?v=20250317132134:1
PlayMovie.js:2234:4
