JQMIGRATE: Migrate is installed, version 3.0.1 jquery-migrate-3.0.1.min.js:33:19
ページの読み込みが完了する前にレイアウトの開始が強制されました。スタイルシートがまだ読み込まれていない場合、スタイル付けされていないコンテンツがちらつく原因となる可能性があります。 jquery-3.5.1.min.js:2:52641
[cf-ranking] Starting... <empty string> d-anime-cf-ranking.user.js:113:629
[dAnimeCfRanking:Settings] Menu commands registered 
Object { enabled: true }
d-anime-cf-ranking.user.js:64:18985
[dAnimeCfRanking:CacheManager] IndexedDB initialized d-anime-cf-ranking.user.js:64:18985
[cf-ranking] IndexedDB initialized <empty string> d-anime-cf-ranking.user.js:113:629
[dAnimeCfRanking:CardDetector] Cards detected 
Object { count: 0 }
d-anime-cf-ranking.user.js:64:18985
[cf-ranking] Waiting for cards... (attempt 1/30) <empty string> d-anime-cf-ranking.user.js:113:629
Local Translate AI content script loaded content.js:448:11
[dAnimeCfRanking:CardDetector] Cards detected 
Object { count: 0 }
d-anime-cf-ranking.user.js:64:18985
[cf-ranking] Waiting for cards... (attempt 2/30) <empty string> d-anime-cf-ranking.user.js:113:629
Cookie “__Secure-YEC” はクロスサイトのコンテキスト内で “SameSite” 属性に “Lax” または “Strict” が設定されているため拒否されています。 iframe_api
[dAnimeCfRanking:CardDetector] Cards detected 
Object { count: 111 }
d-anime-cf-ranking.user.js:64:18985
[cf-ranking] Cards found on attempt 3 <empty string> d-anime-cf-ranking.user.js:113:629
[cf-ranking] Detected 111 cards <empty string> d-anime-cf-ranking.user.js:113:629
[cf-ranking] Badges inserted <empty string> d-anime-cf-ranking.user.js:113:629
[cf-ranking] Initialization complete <empty string> d-anime-cf-ranking.user.js:113:629
[cf-ranking] Starting initial fetch... <empty string> d-anime-cf-ranking.user.js:113:629
[cf-ranking] Fetching 10 cards <empty string> d-anime-cf-ranking.user.js:113:629
[dAnimeCfRanking:FetchController] Cache hit 
Object { title: "闇芝居 十六期" }
d-anime-cf-ranking.user.js:64:18985
[dAnimeCfRanking:TitleNormalizer] Title normalized 
Object { original: "チャギントン（シーズン4）", normalized: "チャギントン（） 第4期", seasonNumber: 4 }
d-anime-cf-ranking.user.js:64:18985
[dAnimeCfRanking:FetchController] Cache hit 
Object { title: "チャギントン（シーズン4）" }
d-anime-cf-ranking.user.js:64:18985
[dAnimeCfRanking:FetchController] Cache hit 
Object { title: "Animatica「北斗の拳 拳王軍ザコたちの挽歌」" }
d-anime-cf-ranking.user.js:64:18985
[dAnimeCfRanking:FetchController] Cache hit 
Object { title: "ヴィジランテ -僕のヒーローアカデミア ILLEGALS-" }
d-anime-cf-ranking.user.js:64:18985
[dAnimeCfRanking:FetchController] Cache hit 
Object { title: "綺麗にしてもらえますか。" }
d-anime-cf-ranking.user.js:64:18985
[dAnimeCfRanking:FetchController] Cache hit 
Object { title: "TVアニメ『ゴールデンカムイ』最終章" }
d-anime-cf-ranking.user.js:64:18985
[dAnimeCfRanking:TitleNormalizer] Title normalized 
Object { original: "TVアニメ『MFゴースト 3rd Season』", normalized: "TVアニメ『MFゴースト 』 第3期", seasonNumber: 3 }
d-anime-cf-ranking.user.js:64:18985
[dAnimeCfRanking:FetchController] Cache hit 
Object { title: "TVアニメ『MFゴースト 3rd Season』" }
d-anime-cf-ranking.user.js:64:18985
[dAnimeCfRanking:FetchController] Cache hit 
Object { title: "幼馴染とはラブコメにならない プチドキver." }
d-anime-cf-ranking.user.js:64:18985
[dAnimeCfRanking:FetchController] Cache hit 
Object { title: "幼馴染とはラブコメにならない オンエアver." }
d-anime-cf-ranking.user.js:64:18985
[dAnimeCfRanking:FetchController] Cache hit 
Object { title: "名探偵プリキュア！" }
d-anime-cf-ranking.user.js:64:18985
[cf-ranking] Sequential fetch complete <empty string> d-anime-cf-ranking.user.js:113:629
