JQMIGRATE: Migrate is installed, version 3.0.1 jquery-migrate-3.0.1.min.js:33:19
ページの読み込みが完了する前にレイアウトの開始が強制されました。スタイルシートがまだ読み込まれていない場合、スタイル付けされていないコンテンツがちらつく原因となる可能性があります。 jquery-3.5.1.min.js:2:52641
[dAnimeCfRanking] d-anime-cf-ranking starting... d-anime-cf-ranking.user.js:27:182
[CF-RANKING DEBUG] === 初期化開始 === d-anime-cf-ranking.user.js:120:849
[dAnimeCfRanking:Settings] Menu commands registered 
Object { enabled: true }
d-anime-cf-ranking.user.js:27:182
[dAnimeCfRanking:CacheManager] IndexedDB initialized d-anime-cf-ranking.user.js:27:182
[dAnimeCfRanking] Loaded cached entries 
Object { total: 111, valid: 111 }
d-anime-cf-ranking.user.js:27:182
[CF-RANKING DEBUG] キャッシュ読み込み詳細: 
Object { totalInIndexedDB: 111, validEntries: 111, invalidEntries: 0, titles: (20) […] }
d-anime-cf-ranking.user.js:120:2030
[CF-RANKING DEBUG] キャッシュ読み込み後: 
Object { cacheEntryMapSize: 111, cacheEntryTitles: (10) […] }
d-anime-cf-ranking.user.js:120:984
[dAnimeCfRanking:CardDetector] Cards detected 
Object { total: 0, visible: 0, hidden: 0 }
d-anime-cf-ranking.user.js:27:182
Local Translate AI content script loaded content.js:448:11
[dAnimeCfRanking:CardDetector] Cards detected 
Object { total: 0, visible: 0, hidden: 0 }
d-anime-cf-ranking.user.js:27:182
[dAnimeCfRanking:CardDetector] Cards detected 
Object { total: 0, visible: 0, hidden: 0 }
d-anime-cf-ranking.user.js:27:182
[dAnimeCfRanking:CardDetector] Cards detected 
Object { total: 0, visible: 0, hidden: 0 }
d-anime-cf-ranking.user.js:27:182
[dAnimeCfRanking:CardDetector] Cards detected 
Object { total: 0, visible: 0, hidden: 0 }
d-anime-cf-ranking.user.js:27:182
[dAnimeCfRanking:CardDetector] Cards detected 
Object { total: 0, visible: 0, hidden: 0 }
d-anime-cf-ranking.user.js:27:182
[dAnimeCfRanking:CardDetector] Cards detected 
Object { total: 0, visible: 0, hidden: 0 }
d-anime-cf-ranking.user.js:27:182
[dAnimeCfRanking:CardDetector] Cards detected 
Object { total: 0, visible: 0, hidden: 0 }
d-anime-cf-ranking.user.js:27:182
[dAnimeCfRanking:CardDetector] Cards detected 
Object { total: 0, visible: 0, hidden: 0 }
d-anime-cf-ranking.user.js:27:182
[dAnimeCfRanking:CardDetector] Cards detected 
Object { total: 0, visible: 0, hidden: 0 }
d-anime-cf-ranking.user.js:27:182
[dAnimeCfRanking:CardDetector] Cards detected 
Object { total: 0, visible: 0, hidden: 0 }
d-anime-cf-ranking.user.js:27:182
[dAnimeCfRanking:CardDetector] Cards detected 
Object { total: 0, visible: 0, hidden: 0 }
d-anime-cf-ranking.user.js:27:182
[dAnimeCfRanking:CardDetector] Cards detected 
Object { total: 0, visible: 0, hidden: 0 }
d-anime-cf-ranking.user.js:27:182
[dAnimeCfRanking:CardDetector] Cards detected 
Object { total: 0, visible: 0, hidden: 0 }
d-anime-cf-ranking.user.js:27:182
[dAnimeCfRanking:CardDetector] Cards detected 
Object { total: 0, visible: 0, hidden: 0 }
d-anime-cf-ranking.user.js:27:182
[dAnimeCfRanking:CardDetector] Cards detected 
Object { total: 0, visible: 0, hidden: 0 }
d-anime-cf-ranking.user.js:27:182
[dAnimeCfRanking:CardDetector] Cards detected 
Object { total: 0, visible: 0, hidden: 0 }
d-anime-cf-ranking.user.js:27:182
[dAnimeCfRanking:CardDetector] Cards detected 
Object { total: 0, visible: 0, hidden: 0 }
d-anime-cf-ranking.user.js:27:182
[dAnimeCfRanking:CardDetector] Cards detected 
Object { total: 0, visible: 0, hidden: 0 }
d-anime-cf-ranking.user.js:27:182
[dAnimeCfRanking:CardDetector] Cards detected 
Object { total: 0, visible: 0, hidden: 0 }
d-anime-cf-ranking.user.js:27:182
[dAnimeCfRanking:CardDetector] Cards detected 
Object { total: 0, visible: 0, hidden: 0 }
d-anime-cf-ranking.user.js:27:182
[dAnimeCfRanking:CardDetector] Cards detected 
Object { total: 0, visible: 0, hidden: 0 }
d-anime-cf-ranking.user.js:27:182
[dAnimeCfRanking:CardDetector] Cards detected 
Object { total: 0, visible: 0, hidden: 0 }
d-anime-cf-ranking.user.js:27:182
[dAnimeCfRanking:CardDetector] Cards detected 
Object { total: 0, visible: 0, hidden: 0 }
d-anime-cf-ranking.user.js:27:182
[dAnimeCfRanking:CardDetector] Cards detected 
Object { total: 0, visible: 0, hidden: 0 }
d-anime-cf-ranking.user.js:27:182
[dAnimeCfRanking:CardDetector] Cards detected 
Object { total: 0, visible: 0, hidden: 0 }
d-anime-cf-ranking.user.js:27:182
[dAnimeCfRanking:CardDetector] Cards detected 
Object { total: 0, visible: 0, hidden: 0 }
d-anime-cf-ranking.user.js:27:182
[dAnimeCfRanking:CardDetector] Cards detected 
Object { total: 0, visible: 0, hidden: 0 }
d-anime-cf-ranking.user.js:27:182
[dAnimeCfRanking:CardDetector] Cards detected 
Object { total: 0, visible: 0, hidden: 0 }
d-anime-cf-ranking.user.js:27:182
[dAnimeCfRanking:CardDetector] Cards detected 
Object { total: 0, visible: 0, hidden: 0 }
d-anime-cf-ranking.user.js:27:182
[dAnimeCfRanking] Cards detected 
Object { count: 0 }
d-anime-cf-ranking.user.js:27:182
[CF-RANKING DEBUG] カード検出: 
Object { domTotal: 0, visibleCards: 0, hiddenCards: 0, cardTitles: [] }
d-anime-cf-ranking.user.js:120:1266
[dAnimeCfRanking] No cards found d-anime-cf-ranking.user.js:27:182
